2024-09-12T12:24:19.552 [restartedMain] INFO c.m.ThiefApplication - Starting ThiefApplication using Java 17.0.11 with PID 5504 (C:\factory\ws_sts4_4240\repo_thief\thief\bin\main started by lbh09 in C:\factory\ws_sts4_4240\repo_thief\thief) 
2024-09-12T12:24:19.554 [restartedMain] INFO c.m.ThiefApplication - No active profile set, falling back to 1 default profile: "default" 
2024-09-12T12:24:19.753 [restartedMain] INFO o.s.b.w.e.t.TomcatWebServer - Tomcat initialized with port 8080 (http) 
2024-09-12T12:24:19.754 [restartedMain] INFO o.a.c.c.StandardService - Starting service [Tomcat] 
2024-09-12T12:24:19.755 [restartedMain] INFO o.a.c.c.StandardEngine - Starting Servlet engine: [Apache Tomcat/10.1.28] 
2024-09-12T12:24:19.765 [restartedMain] INFO o.a.c.c.C.[.[.[/] - Initializing Spring embedded WebApplicationContext 
2024-09-12T12:24:19.765 [restartedMain] INFO o.s.b.w.s.c.ServletWebServerApplicationContext - Root WebApplicationContext: initialization completed in 209 ms 
2024-09-12T12:24:19.778 [restartedMain] ERROR c.z.h.HikariConfig - Failed to load driver class net.sf.log4jdbc.sql.jdbcapi.DriverSpy from HikariConfig class classloader jdk.internal.loader.ClassLoaders$AppClassLoader@63947c6b 
2024-09-12T12:24:19.778 [restartedMain] WARN o.s.b.w.s.c.AnnotationConfigServletWebServerApplicationContext - Exception encountered during context initialization - cancelling refresh attempt: org.springframework.beans.factory.UnsatisfiedDependencyException: Error creating bean with name 'codeGroupController': Unsatisfied dependency expressed through field 'codeGroupService': Error creating bean with name 'codeGroupService': Unsatisfied dependency expressed through field 'codegroupdao': Error creating bean with name 'codeGroupDao' defined in file [C:\factory\ws_sts4_4240\repo_thief\thief\bin\main\com\maple\infra\codegroup\CodeGroupDao.class]: Cannot resolve reference to bean 'sqlSessionFactoryMysqlMain' while setting bean property 'sqlSessionFactory' 
2024-09-12T12:24:19.779 [restartedMain] INFO o.a.c.c.StandardService - Stopping service [Tomcat] 
2024-09-12T12:24:19.784 [restartedMain] INFO o.s.b.a.l.ConditionEvaluationReportLogger - 

Error starting ApplicationContext. To display the condition evaluation report re-run your application with 'debug' enabled. 
2024-09-12T12:24:19.788 [restartedMain] ERROR o.s.b.d.LoggingFailureAnalysisReporter - 

***************************
APPLICATION FAILED TO START
***************************

Description:

Failed to bind properties under 'spring.datasource.mysql.main' to javax.sql.DataSource:

    Property: spring.datasource.mysql.main.driver-class-name
    Value: "net.sf.log4jdbc.sql.jdbcapi.DriverSpy"
    Origin: class path resource [application.properties] - 4:48
    Reason: java.lang.RuntimeException: Failed to load driver class net.sf.log4jdbc.sql.jdbcapi.DriverSpy in either of HikariConfig class loader or Thread context classloader

Action:

Update your application's configuration
 
2024-09-12T12:24:27.175 [restartedMain] INFO c.m.ThiefApplication - Starting ThiefApplication using Java 17.0.11 with PID 5504 (C:\factory\ws_sts4_4240\repo_thief\thief\bin\main started by lbh09 in C:\factory\ws_sts4_4240\repo_thief\thief) 
2024-09-12T12:24:27.176 [restartedMain] INFO c.m.ThiefApplication - No active profile set, falling back to 1 default profile: "default" 
2024-09-12T12:24:27.413 [restartedMain] INFO o.s.b.w.e.t.TomcatWebServer - Tomcat initialized with port 8080 (http) 
2024-09-12T12:24:27.414 [restartedMain] INFO o.a.c.c.StandardService - Starting service [Tomcat] 
2024-09-12T12:24:27.414 [restartedMain] INFO o.a.c.c.StandardEngine - Starting Servlet engine: [Apache Tomcat/10.1.28] 
2024-09-12T12:24:27.424 [restartedMain] INFO o.a.c.c.C.[.[.[/] - Initializing Spring embedded WebApplicationContext 
2024-09-12T12:24:27.425 [restartedMain] INFO o.s.b.w.s.c.ServletWebServerApplicationContext - Root WebApplicationContext: initialization completed in 247 ms 
2024-09-12T12:24:27.437 [restartedMain] ERROR c.z.h.HikariConfig - Failed to load driver class net.sf.log4jdbc.sql.jdbcapi.DriverSpy from HikariConfig class classloader jdk.internal.loader.ClassLoaders$AppClassLoader@63947c6b 
2024-09-12T12:24:27.438 [restartedMain] WARN o.s.b.w.s.c.AnnotationConfigServletWebServerApplicationContext - Exception encountered during context initialization - cancelling refresh attempt: org.springframework.beans.factory.UnsatisfiedDependencyException: Error creating bean with name 'codeGroupController': Unsatisfied dependency expressed through field 'codeGroupService': Error creating bean with name 'codeGroupService': Unsatisfied dependency expressed through field 'codegroupdao': Error creating bean with name 'codeGroupDao' defined in file [C:\factory\ws_sts4_4240\repo_thief\thief\bin\main\com\maple\infra\codegroup\CodeGroupDao.class]: Cannot resolve reference to bean 'sqlSessionFactoryMysqlMain' while setting bean property 'sqlSessionFactory' 
2024-09-12T12:24:27.438 [restartedMain] INFO o.a.c.c.StandardService - Stopping service [Tomcat] 
2024-09-12T12:24:27.444 [restartedMain] INFO o.s.b.a.l.ConditionEvaluationReportLogger - 

Error starting ApplicationContext. To display the condition evaluation report re-run your application with 'debug' enabled. 
2024-09-12T12:24:27.446 [restartedMain] ERROR o.s.b.d.LoggingFailureAnalysisReporter - 

***************************
APPLICATION FAILED TO START
***************************

Description:

Failed to bind properties under 'spring.datasource.mysql.main' to javax.sql.DataSource:

    Property: spring.datasource.mysql.main.driver-class-name
    Value: "net.sf.log4jdbc.sql.jdbcapi.DriverSpy"
    Origin: class path resource [application.properties] - 4:48
    Reason: java.lang.RuntimeException: Failed to load driver class net.sf.log4jdbc.sql.jdbcapi.DriverSpy in either of HikariConfig class loader or Thread context classloader

Action:

Update your application's configuration
 
2024-09-12T12:24:57.675 [restartedMain] INFO c.m.ThiefApplication - Starting ThiefApplication using Java 17.0.11 with PID 5504 (C:\factory\ws_sts4_4240\repo_thief\thief\bin\main started by lbh09 in C:\factory\ws_sts4_4240\repo_thief\thief) 
2024-09-12T12:24:57.675 [restartedMain] INFO c.m.ThiefApplication - No active profile set, falling back to 1 default profile: "default" 
2024-09-12T12:24:57.886 [restartedMain] INFO o.s.b.w.e.t.TomcatWebServer - Tomcat initialized with port 8080 (http) 
2024-09-12T12:24:57.887 [restartedMain] INFO o.a.c.c.StandardService - Starting service [Tomcat] 
2024-09-12T12:24:57.887 [restartedMain] INFO o.a.c.c.StandardEngine - Starting Servlet engine: [Apache Tomcat/10.1.28] 
2024-09-12T12:24:57.904 [restartedMain] INFO o.a.c.c.C.[.[.[/] - Initializing Spring embedded WebApplicationContext 
2024-09-12T12:24:57.905 [restartedMain] INFO o.s.b.w.s.c.ServletWebServerApplicationContext - Root WebApplicationContext: initialization completed in 226 ms 
2024-09-12T12:24:57.922 [restartedMain] ERROR c.z.h.HikariConfig - Failed to load driver class net.sf.log4jdbc.sql.jdbcapi.DriverSpy from HikariConfig class classloader jdk.internal.loader.ClassLoaders$AppClassLoader@63947c6b 
2024-09-12T12:24:57.923 [restartedMain] WARN o.s.b.w.s.c.AnnotationConfigServletWebServerApplicationContext - Exception encountered during context initialization - cancelling refresh attempt: org.springframework.beans.factory.UnsatisfiedDependencyException: Error creating bean with name 'codeGroupController': Unsatisfied dependency expressed through field 'codeGroupService': Error creating bean with name 'codeGroupService': Unsatisfied dependency expressed through field 'codegroupdao': Error creating bean with name 'codeGroupDao' defined in file [C:\factory\ws_sts4_4240\repo_thief\thief\bin\main\com\maple\infra\codegroup\CodeGroupDao.class]: Cannot resolve reference to bean 'sqlSessionFactoryMysqlMain' while setting bean property 'sqlSessionFactory' 
2024-09-12T12:24:57.924 [restartedMain] INFO o.a.c.c.StandardService - Stopping service [Tomcat] 
2024-09-12T12:24:57.928 [restartedMain] INFO o.s.b.a.l.ConditionEvaluationReportLogger - 

Error starting ApplicationContext. To display the condition evaluation report re-run your application with 'debug' enabled. 
2024-09-12T12:24:57.930 [restartedMain] ERROR o.s.b.d.LoggingFailureAnalysisReporter - 

***************************
APPLICATION FAILED TO START
***************************

Description:

Failed to bind properties under 'spring.datasource.mysql.main' to javax.sql.DataSource:

    Property: spring.datasource.mysql.main.driver-class-name
    Value: "net.sf.log4jdbc.sql.jdbcapi.DriverSpy"
    Origin: class path resource [application.properties] - 4:48
    Reason: java.lang.RuntimeException: Failed to load driver class net.sf.log4jdbc.sql.jdbcapi.DriverSpy in either of HikariConfig class loader or Thread context classloader

Action:

Update your application's configuration
 
2024-09-12T12:25:11.501 [restartedMain] INFO c.m.ThiefApplication - Starting ThiefApplication using Java 17.0.11 with PID 5504 (C:\factory\ws_sts4_4240\repo_thief\thief\bin\main started by lbh09 in C:\factory\ws_sts4_4240\repo_thief\thief) 
2024-09-12T12:25:11.502 [restartedMain] INFO c.m.ThiefApplication - No active profile set, falling back to 1 default profile: "default" 
2024-09-12T12:25:11.714 [restartedMain] INFO o.s.b.w.e.t.TomcatWebServer - Tomcat initialized with port 8080 (http) 
2024-09-12T12:25:11.714 [restartedMain] INFO o.a.c.c.StandardService - Starting service [Tomcat] 
2024-09-12T12:25:11.714 [restartedMain] INFO o.a.c.c.StandardEngine - Starting Servlet engine: [Apache Tomcat/10.1.28] 
2024-09-12T12:25:11.723 [restartedMain] INFO o.a.c.c.C.[.[.[/] - Initializing Spring embedded WebApplicationContext 
2024-09-12T12:25:11.724 [restartedMain] INFO o.s.b.w.s.c.ServletWebServerApplicationContext - Root WebApplicationContext: initialization completed in 219 ms 
2024-09-12T12:25:11.735 [restartedMain] ERROR c.z.h.HikariConfig - Failed to load driver class net.sf.log4jdbc.sql.jdbcapi.DriverSpy from HikariConfig class classloader jdk.internal.loader.ClassLoaders$AppClassLoader@63947c6b 
2024-09-12T12:25:11.736 [restartedMain] WARN o.s.b.w.s.c.AnnotationConfigServletWebServerApplicationContext - Exception encountered during context initialization - cancelling refresh attempt: org.springframework.beans.factory.UnsatisfiedDependencyException: Error creating bean with name 'codeGroupController': Unsatisfied dependency expressed through field 'codeGroupService': Error creating bean with name 'codeGroupService': Unsatisfied dependency expressed through field 'codegroupdao': Error creating bean with name 'codeGroupDao' defined in file [C:\factory\ws_sts4_4240\repo_thief\thief\bin\main\com\maple\infra\codegroup\CodeGroupDao.class]: Cannot resolve reference to bean 'sqlSessionFactoryMysqlMain' while setting bean property 'sqlSessionFactory' 
2024-09-12T12:25:11.736 [restartedMain] INFO o.a.c.c.StandardService - Stopping service [Tomcat] 
2024-09-12T12:25:11.742 [restartedMain] INFO o.s.b.a.l.ConditionEvaluationReportLogger - 

Error starting ApplicationContext. To display the condition evaluation report re-run your application with 'debug' enabled. 
2024-09-12T12:25:11.747 [restartedMain] ERROR o.s.b.d.LoggingFailureAnalysisReporter - 

***************************
APPLICATION FAILED TO START
***************************

Description:

Failed to bind properties under 'spring.datasource.mysql.main' to javax.sql.DataSource:

    Property: spring.datasource.mysql.main.driver-class-name
    Value: "net.sf.log4jdbc.sql.jdbcapi.DriverSpy"
    Origin: class path resource [application.properties] - 4:48
    Reason: java.lang.RuntimeException: Failed to load driver class net.sf.log4jdbc.sql.jdbcapi.DriverSpy in either of HikariConfig class loader or Thread context classloader

Action:

Update your application's configuration
 
2024-09-12T12:25:27.264 [restartedMain] INFO c.m.ThiefApplication - Starting ThiefApplication using Java 17.0.11 with PID 5504 (C:\factory\ws_sts4_4240\repo_thief\thief\bin\main started by lbh09 in C:\factory\ws_sts4_4240\repo_thief\thief) 
2024-09-12T12:25:27.264 [restartedMain] INFO c.m.ThiefApplication - No active profile set, falling back to 1 default profile: "default" 
2024-09-12T12:25:27.457 [restartedMain] INFO o.s.b.w.e.t.TomcatWebServer - Tomcat initialized with port 8080 (http) 
2024-09-12T12:25:27.458 [restartedMain] INFO o.a.c.c.StandardService - Starting service [Tomcat] 
2024-09-12T12:25:27.458 [restartedMain] INFO o.a.c.c.StandardEngine - Starting Servlet engine: [Apache Tomcat/10.1.28] 
2024-09-12T12:25:27.476 [restartedMain] INFO o.a.c.c.C.[.[.[/] - Initializing Spring embedded WebApplicationContext 
2024-09-12T12:25:27.476 [restartedMain] INFO o.s.b.w.s.c.ServletWebServerApplicationContext - Root WebApplicationContext: initialization completed in 210 ms 
2024-09-12T12:25:27.490 [restartedMain] ERROR c.z.h.HikariConfig - Failed to load driver class net.sf.log4jdbc.sql.jdbcapi.DriverSpy from HikariConfig class classloader jdk.internal.loader.ClassLoaders$AppClassLoader@63947c6b 
2024-09-12T12:25:27.490 [restartedMain] WARN o.s.b.w.s.c.AnnotationConfigServletWebServerApplicationContext - Exception encountered during context initialization - cancelling refresh attempt: org.springframework.beans.factory.UnsatisfiedDependencyException: Error creating bean with name 'codeGroupController': Unsatisfied dependency expressed through field 'codeGroupService': Error creating bean with name 'codeGroupService': Unsatisfied dependency expressed through field 'codegroupdao': Error creating bean with name 'codeGroupDao' defined in file [C:\factory\ws_sts4_4240\repo_thief\thief\bin\main\com\maple\infra\codegroup\CodeGroupDao.class]: Cannot resolve reference to bean 'sqlSessionFactoryMysqlMain' while setting bean property 'sqlSessionFactory' 
2024-09-12T12:25:27.491 [restartedMain] INFO o.a.c.c.StandardService - Stopping service [Tomcat] 
2024-09-12T12:25:27.495 [restartedMain] INFO o.s.b.a.l.ConditionEvaluationReportLogger - 

Error starting ApplicationContext. To display the condition evaluation report re-run your application with 'debug' enabled. 
2024-09-12T12:25:27.499 [restartedMain] ERROR o.s.b.d.LoggingFailureAnalysisReporter - 

***************************
APPLICATION FAILED TO START
***************************

Description:

Failed to bind properties under 'spring.datasource.mysql.main' to javax.sql.DataSource:

    Property: spring.datasource.mysql.main.driver-class-name
    Value: "net.sf.log4jdbc.sql.jdbcapi.DriverSpy"
    Origin: class path resource [application.properties] - 4:48
    Reason: java.lang.RuntimeException: Failed to load driver class net.sf.log4jdbc.sql.jdbcapi.DriverSpy in either of HikariConfig class loader or Thread context classloader

Action:

Update your application's configuration
 
2024-09-12T12:25:35.079 [restartedMain] INFO c.m.ThiefApplication - Starting ThiefApplication using Java 17.0.11 with PID 5504 (C:\factory\ws_sts4_4240\repo_thief\thief\bin\main started by lbh09 in C:\factory\ws_sts4_4240\repo_thief\thief) 
2024-09-12T12:25:35.080 [restartedMain] INFO c.m.ThiefApplication - No active profile set, falling back to 1 default profile: "default" 
2024-09-12T12:25:35.322 [restartedMain] INFO o.s.b.w.e.t.TomcatWebServer - Tomcat initialized with port 8080 (http) 
2024-09-12T12:25:35.323 [restartedMain] INFO o.a.c.c.StandardService - Starting service [Tomcat] 
2024-09-12T12:25:35.323 [restartedMain] INFO o.a.c.c.StandardEngine - Starting Servlet engine: [Apache Tomcat/10.1.28] 
2024-09-12T12:25:35.342 [restartedMain] INFO o.a.c.c.C.[.[.[/] - Initializing Spring embedded WebApplicationContext 
2024-09-12T12:25:35.342 [restartedMain] INFO o.s.b.w.s.c.ServletWebServerApplicationContext - Root WebApplicationContext: initialization completed in 259 ms 
2024-09-12T12:25:35.364 [restartedMain] ERROR c.z.h.HikariConfig - Failed to load driver class net.sf.log4jdbc.sql.jdbcapi.DriverSpy from HikariConfig class classloader jdk.internal.loader.ClassLoaders$AppClassLoader@63947c6b 
2024-09-12T12:25:35.365 [restartedMain] WARN o.s.b.w.s.c.AnnotationConfigServletWebServerApplicationContext - Exception encountered during context initialization - cancelling refresh attempt: org.springframework.beans.factory.UnsatisfiedDependencyException: Error creating bean with name 'codeGroupController': Unsatisfied dependency expressed through field 'codeGroupService': Error creating bean with name 'codeGroupService': Unsatisfied dependency expressed through field 'codegroupdao': Error creating bean with name 'codeGroupDao' defined in file [C:\factory\ws_sts4_4240\repo_thief\thief\bin\main\com\maple\infra\codegroup\CodeGroupDao.class]: Cannot resolve reference to bean 'sqlSessionFactoryMysqlMain' while setting bean property 'sqlSessionFactory' 
2024-09-12T12:25:35.366 [restartedMain] INFO o.a.c.c.StandardService - Stopping service [Tomcat] 
2024-09-12T12:25:35.371 [restartedMain] INFO o.s.b.a.l.ConditionEvaluationReportLogger - 

Error starting ApplicationContext. To display the condition evaluation report re-run your application with 'debug' enabled. 
2024-09-12T12:25:35.417 [restartedMain] ERROR o.s.b.d.LoggingFailureAnalysisReporter - 

***************************
APPLICATION FAILED TO START
***************************

Description:

Failed to bind properties under 'spring.datasource.mysql.main' to javax.sql.DataSource:

    Property: spring.datasource.mysql.main.driver-class-name
    Value: "net.sf.log4jdbc.sql.jdbcapi.DriverSpy"
    Origin: class path resource [application.properties] - 4:48
    Reason: java.lang.RuntimeException: Failed to load driver class net.sf.log4jdbc.sql.jdbcapi.DriverSpy in either of HikariConfig class loader or Thread context classloader

Action:

Update your application's configuration
 
2024-09-12T12:29:23.091 [restartedMain] INFO c.m.ThiefApplication - Starting ThiefApplication using Java 17.0.11 with PID 14520 (C:\factory\ws_sts4_4240\repo_thief\thief\bin\main started by lbh09 in C:\factory\ws_sts4_4240\repo_thief\thief) 
2024-09-12T12:29:23.094 [restartedMain] INFO c.m.ThiefApplication - No active profile set, falling back to 1 default profile: "default" 
2024-09-12T12:29:23.143 [restartedMain] INFO o.s.b.d.e.DevToolsPropertyDefaultsPostProcessor - Devtools property defaults active! Set 'spring.devtools.add-properties' to 'false' to disable 
2024-09-12T12:29:23.143 [restartedMain] INFO o.s.b.d.e.DevToolsPropertyDefaultsPostProcessor - For additional web related logging consider setting the 'logging.level.web' property to 'DEBUG' 
2024-09-12T12:29:24.172 [restartedMain] INFO o.s.b.w.e.t.TomcatWebServer - Tomcat initialized with port 8080 (http) 
2024-09-12T12:29:24.184 [restartedMain] INFO o.a.c.h.Http11NioProtocol - Initializing ProtocolHandler ["http-nio-8080"] 
2024-09-12T12:29:24.188 [restartedMain] INFO o.a.c.c.StandardService - Starting service [Tomcat] 
2024-09-12T12:29:24.188 [restartedMain] INFO o.a.c.c.StandardEngine - Starting Servlet engine: [Apache Tomcat/10.1.28] 
2024-09-12T12:29:24.239 [restartedMain] INFO o.a.c.c.C.[.[.[/] - Initializing Spring embedded WebApplicationContext 
2024-09-12T12:29:24.240 [restartedMain] INFO o.s.b.w.s.c.ServletWebServerApplicationContext - Root WebApplicationContext: initialization completed in 1097 ms 
2024-09-12T12:29:25.218 [restartedMain] INFO o.s.b.d.a.OptionalLiveReloadServer - LiveReload server is running on port 35729 
2024-09-12T12:29:25.249 [restartedMain] INFO o.a.c.h.Http11NioProtocol - Starting ProtocolHandler ["http-nio-8080"] 
2024-09-12T12:29:25.288 [restartedMain] INFO o.s.b.w.e.t.TomcatWebServer - Tomcat started on port 8080 (http) with context path '/' 
2024-09-12T12:29:25.316 [restartedMain] INFO c.m.ThiefApplication - Started ThiefApplication in 2.528 seconds (process running for 3.304) 
2024-09-12T12:29:30.252 [http-nio-8080-exec-2] INFO o.a.c.c.C.[.[.[/] - Initializing Spring DispatcherServlet 'dispatcherServlet' 
2024-09-12T12:29:30.252 [http-nio-8080-exec-2] INFO o.s.w.s.DispatcherServlet - Initializing Servlet 'dispatcherServlet' 
2024-09-12T12:29:30.253 [http-nio-8080-exec-2] INFO o.s.w.s.DispatcherServlet - Completed initialization in 1 ms 
2024-09-12T12:29:30.351 [http-nio-8080-exec-2] INFO c.z.h.HikariDataSource - HikariPool-1 - Starting... 
2024-09-12T12:29:30.652 [http-nio-8080-exec-2] INFO c.z.h.p.HikariPool - HikariPool-1 - Added connection net.sf.log4jdbc.sql.jdbcapi.ConnectionSpy@5196a2c5 
2024-09-12T12:29:30.654 [http-nio-8080-exec-2] INFO c.z.h.HikariDataSource - HikariPool-1 - Start completed. 
2024-09-12T12:29:30.688 [http-nio-8080-exec-2] DEBUG j.sqltiming -  com.zaxxer.hikari.pool.ProxyPreparedStatement.execute(ProxyPreparedStatement.java:44)
1. select
			a.ifcgSeq
			,a.ifcgName
			,a.ifcgUseNy
			,a.ifcgOrder
			,a.ifcgDesc
			,a.regDatetime
			,a.regDatetimeSvr
			,a.ifcgDelNy
			,(select count(aa.ifcdSeq) from code aa where 1=1 and aa.codegroup_ifcgSeq = a.ifcgSeq) as count
		from
			codegroup a
		where 1=1

		order by
			a.ifcgSeq desc
 {executed in 10 msec} 
2024-09-12T12:42:33.402 [http-nio-8080-exec-8] DEBUG j.sqltiming -  com.zaxxer.hikari.pool.ProxyPreparedStatement.execute(ProxyPreparedStatement.java:44)
1. select
			a.ifcgSeq
			,a.ifcgName
			,a.ifcgUseNy
			,a.ifcgOrder
			,a.ifcgDesc
			,a.regDatetime
			,a.regDatetimeSvr
			,a.ifcgDelNy
			,(select count(aa.ifcdSeq) from code aa where 1=1 and aa.codegroup_ifcgSeq = a.ifcgSeq) as count
		from
			codegroup a
		where 1=1
			 AND ifcgDelNy = 1 

		order by
			a.ifcgSeq desc
 {executed in 5 msec} 
2024-09-12T12:43:22.359 [http-nio-8080-exec-5] DEBUG j.sqltiming -  com.zaxxer.hikari.pool.ProxyPreparedStatement.execute(ProxyPreparedStatement.java:44)
1. select
			a.ifcgSeq
			,a.ifcgName
			,a.ifcgUseNy
			,a.ifcgOrder
			,a.ifcgDesc
			,a.regDatetime
			,a.regDatetimeSvr
			,a.ifcgDelNy
			,(select count(aa.ifcdSeq) from code aa where 1=1 and aa.codegroup_ifcgSeq = a.ifcgSeq) as count
		from
			codegroup a
		where 1=1

		order by
			a.ifcgSeq desc
 {executed in 2 msec} 
2024-09-12T12:43:29.779 [http-nio-8080-exec-3] DEBUG j.sqltiming -  com.zaxxer.hikari.pool.ProxyPreparedStatement.execute(ProxyPreparedStatement.java:44)
1. select
			a.ifcgSeq
			,a.ifcgName
			,a.ifcgUseNy
			,a.ifcgOrder
			,a.ifcgDesc
			,a.regDatetime
			,a.regDatetimeSvr
			,a.ifcgDelNy
			,(select count(aa.ifcdSeq) from code aa where 1=1 and aa.codegroup_ifcgSeq = a.ifcgSeq) as count
		from
			codegroup a
		where 1=1

			 AND a.regDatetime BETWEEN '2024-09-01' AND '2024-09-30' 

		order by
			a.ifcgSeq desc
 {executed in 5 msec} 
